Found 43 PDF files

Consider using the pymupdf_layout package for a greatly improved page layout analysis.
MuPDF error: format error: No common ancestor in structure tree

MuPDF error: format error: No common ancestor in structure tree

MuPDF error: format error: No common ancestor in structure tree

MuPDF error: format error: No common ancestor in structure tree

MuPDF error: format error: No common ancestor in structure tree

MuPDF error: format error: No common ancestor in structure tree

MuPDF error: format error: No common ancestor in structure tree

MuPDF error: format error: No common ancestor in structure tree

MuPDF error: format error: No common ancestor in structure tree

MuPDF error: format error: No common ancestor in structure tree

MuPDF error: format error: No common ancestor in structure tree

MuPDF error: format error: No common ancestor in structure tree

MuPDF error: format error: No common ancestor in structure tree

MuPDF error: format error: No common ancestor in structure tree

MuPDF error: format error: No common ancestor in structure tree

MuPDF error: format error: No common ancestor in structure tree

MuPDF error: format error: No common ancestor in structure tree

MuPDF error: format error: No common ancestor in structure tree

MuPDF error: format error: No common ancestor in structure tree

MuPDF error: format error: No common ancestor in structure tree

MuPDF error: format error: No common ancestor in structure tree

MuPDF error: format error: No common ancestor in structure tree

MuPDF error: format error: No common ancestor in structure tree

MuPDF error: format error: No common ancestor in structure tree

MuPDF error: format error: No common ancestor in structure tree

MuPDF error: format error: No common ancestor in structure tree

MuPDF error: format error: No common ancestor in structure tree

MuPDF error: format error: No common ancestor in structure tree

MuPDF error: format error: No common ancestor in structure tree

MuPDF error: format error: No common ancestor in structure tree

MuPDF error: format error: No common ancestor in structure tree

MuPDF error: format error: No common ancestor in structure tree

MuPDF error: format error: No common ancestor in structure tree

MuPDF error: format error: No common ancestor in structure tree

MuPDF error: format error: No common ancestor in structure tree

MuPDF error: format error: No common ancestor in structure tree

MuPDF error: format error: No common ancestor in structure tree

MuPDF error: format error: No common ancestor in structure tree

MuPDF error: format error: No common ancestor in structure tree

MuPDF error: format error: No common ancestor in structure tree

MuPDF error: format error: No common ancestor in structure tree

MuPDF error: format error: No common ancestor in structure tree

MuPDF error: format error: No common ancestor in structure tree

MuPDF error: format error: No common ancestor in structure tree

MuPDF error: format error: No common ancestor in structure tree

MuPDF error: format error: No common ancestor in structure tree

MuPDF error: format error: No common ancestor in structure tree

MuPDF error: format error: No common ancestor in structure tree

MuPDF error: format error: No common ancestor in structure tree

MuPDF error: format error: No common ancestor in structure tree

ERROR E260304t083610_RA-26-0039 _NRC_.pdf: 'content_parse_timeout_exceeded'
ERROR E260305t115500_DCL-26-015.pdf: 'content_parse_timeout_exceeded'
MuPDF error: format error: No common ancestor in structure tree

MuPDF error: format error: No common ancestor in structure tree

MuPDF error: format error: No common ancestor in structure tree

MuPDF error: format error: No common ancestor in structure tree

MuPDF error: format error: No common ancestor in structure tree

MuPDF error: format error: No common ancestor in structure tree

MuPDF error: format error: No common ancestor in structure tree

MuPDF error: format error: No common ancestor in structure tree

MuPDF error: format error: No common ancestor in structure tree

MuPDF error: format error: No common ancestor in structure tree

MuPDF error: format error: No common ancestor in structure tree

MuPDF error: format error: No common ancestor in structure tree

MuPDF error: format error: No common ancestor in structure tree

MuPDF error: format error: No common ancestor in structure tree

MuPDF error: format error: No common ancestor in structure tree

MuPDF error: format error: No common ancestor in structure tree

MuPDF error: format error: No common ancestor in structure tree

MuPDF error: format error: No common ancestor in structure tree

MuPDF error: format error: No common ancestor in structure tree

MuPDF error: format error: No common ancestor in structure tree

MuPDF error: format error: No common ancestor in structure tree

MuPDF error: format error: No common ancestor in structure tree

MuPDF error: format error: No common ancestor in structure tree

MuPDF error: format error: No common ancestor in structure tree

MuPDF error: format error: No common ancestor in structure tree

MuPDF error: format error: No common ancestor in structure tree

MuPDF error: format error: No common ancestor in structure tree

MuPDF error: format error: No common ancestor in structure tree

MuPDF error: format error: No common ancestor in structure tree

MuPDF error: format error: No common ancestor in structure tree

MuPDF error: format error: No common ancestor in structure tree

MuPDF error: format error: No common ancestor in structure tree

MuPDF error: format error: No common ancestor in structure tree

MuPDF error: format error: No common ancestor in structure tree

MuPDF error: format error: No common ancestor in structure tree

MuPDF error: format error: No common ancestor in structure tree

MuPDF error: format error: No common ancestor in structure tree

MuPDF error: format error: No common ancestor in structure tree

MuPDF error: format error: No common ancestor in structure tree

MuPDF error: format error: No common ancestor in structure tree

MuPDF error: format error: No common ancestor in structure tree

MuPDF error: format error: No common ancestor in structure tree

MuPDF error: format error: No common ancestor in structure tree

MuPDF error: format error: No common ancestor in structure tree

MuPDF error: format error: No common ancestor in structure tree

MuPDF error: format error: No common ancestor in structure tree

MuPDF error: format error: No common ancestor in structure tree

MuPDF error: format error: No common ancestor in structure tree

MuPDF error: format error: No common ancestor in structure tree

MuPDF error: format error: No common ancestor in structure tree

MuPDF error: format error: No common ancestor in structure tree

MuPDF error: format error: No common ancestor in structure tree

MuPDF error: format error: No common ancestor in structure tree

MuPDF error: format error: No common ancestor in structure tree

MuPDF error: format error: No common ancestor in structure tree

MuPDF error: format error: No common ancestor in structure tree

MuPDF error: format error: No common ancestor in structure tree

MuPDF error: format error: No common ancestor in structure tree

MuPDF error: format error: No common ancestor in structure tree

MuPDF error: format error: No common ancestor in structure tree

MuPDF error: format error: No common ancestor in structure tree

MuPDF error: format error: No common ancestor in structure tree

MuPDF error: format error: No common ancestor in structure tree

MuPDF error: format error: No common ancestor in structure tree

MuPDF error: format error: No common ancestor in structure tree

MuPDF error: format error: No common ancestor in structure tree

MuPDF error: format error: No common ancestor in structure tree

MuPDF error: format error: No common ancestor in structure tree

MuPDF error: format error: No common ancestor in structure tree

MuPDF error: format error: No common ancestor in structure tree

MuPDF error: format error: No common ancestor in structure tree

MuPDF error: format error: No common ancestor in structure tree

MuPDF error: format error: No common ancestor in structure tree

MuPDF error: format error: No common ancestor in structure tree

MuPDF error: format error: No common ancestor in structure tree

MuPDF error: format error: No common ancestor in structure tree

MuPDF error: format error: No common ancestor in structure tree

MuPDF error: format error: No common ancestor in structure tree

MuPDF error: format error: No common ancestor in structure tree

MuPDF error: format error: No common ancestor in structure tree

MuPDF error: format error: No common ancestor in structure tree

MuPDF error: format error: No common ancestor in structure tree

MuPDF error: format error: No common ancestor in structure tree

MuPDF error: format error: No common ancestor in structure tree

MuPDF error: format error: No common ancestor in structure tree

MuPDF error: format error: No common ancestor in structure tree

MuPDF error: format error: No common ancestor in structure tree

MuPDF error: format error: No common ancestor in structure tree

MuPDF error: format error: No common ancestor in structure tree

MuPDF error: format error: No common ancestor in structure tree

============================================================
CORPUS DISTRIBUTION SUMMARY
============================================================
Total pages processed:     1131
Pages with candidates > 0: 169 (14.9%)
Pages with zero-xref:     0 (0.0%)

Visual class distribution:
  text_heavy_or_empty           :  911 (80.5%)
  vector_dominant               :   80 (7.1%)
  mixed_visual_text             :   79 (7.0%)
  raster_dominant               :   61 (5.4%)

OCR path counts:
  none                          : 993
  hybrid                        : 111
  fallback                      : 43

Pages with both fallback AND hybrid: 16
Pages OCR attempted but no supplement: 2

Quality status distribution:
  strong              : 998
  limited             : 113
  weak                : 18
  unusable            : 2

============================================================
REPRESENTATIVE PAGE DIAGNOSTICS
============================================================

File: Dresden Nuclear Power Sta., Unit No. 1-Aprov. of Request For Alt. Sched. to Complete Decommissioning B.pdf  Page: 1
  source=native  ocr_attempted=True  ocr_paths=['hybrid']
  quality_status=strong  searchable_chars=3951
  page_native_quality_is_weak=False
  --- Image Candidates ---
  candidate_count_approx=2
  total_image_area_approx=54089.12
  max_image_width_approx=341.35
  max_image_height_approx=79.27
  raster_only_count_approx=0
  text_block_bbox_area_ratio_sum_approx=0.3196
  --- Visual Class ---
  visual_class_provisional=mixed_visual_text
  drawing_density_proxy=1
  max_single_candidate_area_ratio_approx=0.0558
  total_image_area_ratio_approx=0.1116

File: Dresden Nuclear Power Sta., Unit No. 1-Aprov. of Request For Alt. Sched. to Complete Decommissioning B.pdf  Page: 3
  source=native  ocr_attempted=False  ocr_paths=['none']
  quality_status=strong  searchable_chars=1452
  page_native_quality_is_weak=False
  --- Image Candidates ---
  candidate_count_approx=0
  total_image_area_approx=0
  max_image_width_approx=0.0
  max_image_height_approx=0.0
  raster_only_count_approx=0
  text_block_bbox_area_ratio_sum_approx=0.2747
  --- Visual Class ---
  visual_class_provisional=vector_dominant
  drawing_density_proxy=62
  max_single_candidate_area_ratio_approx=0.0000
  total_image_area_ratio_approx=0.0000

File: Dresden Nuclear Power Sta., Unit No. 1-Aprov. of Request For Alt. Sched. to Complete Decommissioning B.pdf  Page: 4
  source=native  ocr_attempted=True  ocr_paths=['fallback']
  quality_status=strong  searchable_chars=275
  page_native_quality_is_weak=False
  --- Image Candidates ---
  candidate_count_approx=0
  total_image_area_approx=0
  max_image_width_approx=0.0
  max_image_height_approx=0.0
  raster_only_count_approx=0
  text_block_bbox_area_ratio_sum_approx=0.0268
  --- Visual Class ---
  visual_class_provisional=text_heavy_or_empty
  drawing_density_proxy=0
  max_single_candidate_area_ratio_approx=0.0000
  total_image_area_ratio_approx=0.0000

File: R52-25538-01.2025001.591NOV.pdf  Page: 1
  source=native  ocr_attempted=True  ocr_paths=['hybrid']
  quality_status=strong  searchable_chars=3255
  page_native_quality_is_weak=False
  --- Image Candidates ---
  candidate_count_approx=1
  total_image_area_approx=616896.0
  max_image_width_approx=612.0
  max_image_height_approx=1008.0
  raster_only_count_approx=0
  text_block_bbox_area_ratio_sum_approx=0.2396
  --- Visual Class ---
  visual_class_provisional=raster_dominant
  drawing_density_proxy=10
  max_single_candidate_area_ratio_approx=1.0000
  total_image_area_ratio_approx=1.0000

File: Dresden Nuclear Power Sta., Unit No. 1-Aprov. of Request For Alt. Sched. to Complete Decommissioning B.pdf  Page: 2
  source=native  ocr_attempted=False  ocr_paths=['none']
  quality_status=strong  searchable_chars=843
  page_native_quality_is_weak=False
  --- Image Candidates ---
  candidate_count_approx=2
  total_image_area_approx=3317.35
  max_image_width_approx=81.73
  max_image_height_approx=21.01
  raster_only_count_approx=0
  text_block_bbox_area_ratio_sum_approx=0.0672
  --- Visual Class ---
  visual_class_provisional=mixed_visual_text
  drawing_density_proxy=1
  max_single_candidate_area_ratio_approx=0.0035
  total_image_area_ratio_approx=0.0068

File: Dresden Nuclear Power Sta., Unit No. 1-Aprov. of Request For Alt. Sched. to Complete Decommissioning B.pdf  Page: 5
  source=native  ocr_attempted=False  ocr_paths=['none']
  quality_status=strong  searchable_chars=3419
  page_native_quality_is_weak=False
  --- Image Candidates ---
  candidate_count_approx=0
  total_image_area_approx=0
  max_image_width_approx=0.0
  max_image_height_approx=0.0
  raster_only_count_approx=0
  text_block_bbox_area_ratio_sum_approx=0.2202
  --- Visual Class ---
  visual_class_provisional=text_heavy_or_empty
  drawing_density_proxy=0
  max_single_candidate_area_ratio_approx=0.0000
  total_image_area_ratio_approx=0.0000

File: Dresden Nuclear Power Sta., Unit No. 1-Aprov. of Request For Alt. Sched. to Complete Decommissioning B.pdf  Page: 6
  source=native  ocr_attempted=False  ocr_paths=['none']
  quality_status=strong  searchable_chars=4055
  page_native_quality_is_weak=False
  --- Image Candidates ---
  candidate_count_approx=0
  total_image_area_approx=0
  max_image_width_approx=0.0
  max_image_height_approx=0.0
  raster_only_count_approx=0
  text_block_bbox_area_ratio_sum_approx=0.2545
  --- Visual Class ---
  visual_class_provisional=text_heavy_or_empty
  drawing_density_proxy=0
  max_single_candidate_area_ratio_approx=0.0000
  total_image_area_ratio_approx=0.0000

File: Dresden Nuclear Power Sta., Unit No. 1-Aprov. of Request For Alt. Sched. to Complete Decommissioning B.pdf  Page: 7
  source=native  ocr_attempted=False  ocr_paths=['none']
  quality_status=strong  searchable_chars=3741
  page_native_quality_is_weak=False
  --- Image Candidates ---
  candidate_count_approx=0
  total_image_area_approx=0
  max_image_width_approx=0.0
  max_image_height_approx=0.0
  raster_only_count_approx=0
  text_block_bbox_area_ratio_sum_approx=0.2334
  --- Visual Class ---
  visual_class_provisional=text_heavy_or_empty
  drawing_density_proxy=0
  max_single_candidate_area_ratio_approx=0.0000
  total_image_area_ratio_approx=0.0000

File: Dresden Nuclear Power Sta., Unit No. 1-Aprov. of Request For Alt. Sched. to Complete Decommissioning B.pdf  Page: 8
  source=native  ocr_attempted=False  ocr_paths=['none']
  quality_status=strong  searchable_chars=4273
  page_native_quality_is_weak=False
  --- Image Candidates ---
  candidate_count_approx=0
  total_image_area_approx=0
  max_image_width_approx=0.0
  max_image_height_approx=0.0
  raster_only_count_approx=0
  text_block_bbox_area_ratio_sum_approx=0.2649
  --- Visual Class ---
  visual_class_provisional=text_heavy_or_empty
  drawing_density_proxy=1
  max_single_candidate_area_ratio_approx=0.0000
  total_image_area_ratio_approx=0.0000

File: Dresden Nuclear Power Sta., Unit No. 1-Aprov. of Request For Alt. Sched. to Complete Decommissioning B.pdf  Page: 9
  source=native  ocr_attempted=False  ocr_paths=['none']
  quality_status=strong  searchable_chars=4661
  page_native_quality_is_weak=False
  --- Image Candidates ---
  candidate_count_approx=0
  total_image_area_approx=0
  max_image_width_approx=0.0
  max_image_height_approx=0.0
  raster_only_count_approx=0
  text_block_bbox_area_ratio_sum_approx=0.2881
  --- Visual Class ---
  visual_class_provisional=text_heavy_or_empty
  drawing_density_proxy=0
  max_single_candidate_area_ratio_approx=0.0000
  total_image_area_ratio_approx=0.0000

File: Dresden Nuclear Power Sta., Unit No. 1-Aprov. of Request For Alt. Sched. to Complete Decommissioning B.pdf  Page: 10
  source=native  ocr_attempted=False  ocr_paths=['none']
  quality_status=strong  searchable_chars=4119
  page_native_quality_is_weak=False
  --- Image Candidates ---
  candidate_count_approx=0
  total_image_area_approx=0
  max_image_width_approx=0.0
  max_image_height_approx=0.0
  raster_only_count_approx=0
  text_block_bbox_area_ratio_sum_approx=0.2530
  --- Visual Class ---
  visual_class_provisional=text_heavy_or_empty
  drawing_density_proxy=1
  max_single_candidate_area_ratio_approx=0.0000
  total_image_area_ratio_approx=0.0000

File: Dresden Nuclear Power Sta., Unit No. 1-Aprov. of Request For Alt. Sched. to Complete Decommissioning B.pdf  Page: 11
  source=native  ocr_attempted=False  ocr_paths=['none']
  quality_status=strong  searchable_chars=4025
  page_native_quality_is_weak=False
  --- Image Candidates ---
  candidate_count_approx=0
  total_image_area_approx=0
  max_image_width_approx=0.0
  max_image_height_approx=0.0
  raster_only_count_approx=0
  text_block_bbox_area_ratio_sum_approx=0.2481
  --- Visual Class ---
  visual_class_provisional=text_heavy_or_empty
  drawing_density_proxy=1
  max_single_candidate_area_ratio_approx=0.0000
  total_image_area_ratio_approx=0.0000

============================================================
DEEP DIVE: CANDIDATE RECORDS FOR SPECIFIC PAGES
============================================================

Pages with candidate_count_approx == 0: 962

Top drawing density pages:
  2. Enclosure 2 -Final Technical Specification for CoC No. 1042 Amd 5 Rev 1 (6) (1).docx.pdf p106: drawing_density_proxy=1480 visual_class=vector_dominant
  E260305t155806_102-09044 LER 2025-002-00.pdf p3: drawing_density_proxy=1393 visual_class=vector_dominant
  NRC Artificial Intelligence Strategic Plan_Tanya Mensah.pdf p7: drawing_density_proxy=1057 visual_class=vector_dominant
  E260305t155806_102-09044 LER 2025-002-00.pdf p2: drawing_density_proxy=906 visual_class=vector_dominant
  2. Enclosure 2 -Final Technical Specification for CoC No. 1042 Amd 5 Rev 1 (6) (1).docx.pdf p71: drawing_density_proxy=364 visual_class=vector_dominant

Top image area ratio pages:
  R52-25538-01.2025001.591NOV.pdf p2: max_single_ratio=1.0311 visual_class=raster_dominant
  E260226t144619_LER N1-2025-002-01.pdf p3: max_single_ratio=1.0083 visual_class=raster_dominant
  E260226t111049_LER 369-2025-001-00 Preflight.pdf p1: max_single_ratio=1.0081 visual_class=raster_dominant
  E260226t111049_LER 369-2025-001-00 Preflight.pdf p3: max_single_ratio=1.0081 visual_class=vector_dominant
  E260226t111049_LER 369-2025-001-00 Preflight.pdf p5: max_single_ratio=1.0081 visual_class=raster_dominant

============================================================
TRACE VALIDATION: raw trace output samples
============================================================
