**********************
Windows PowerShell transcript start
Start time: 20260314010000
Username: DESKTOP-I0THJK0\benny
RunAs User: DESKTOP-I0THJK0\benny
Configuration Name: 
Machine: DESKTOP-I0THJK0 (Microsoft Windows NT 10.0.26200.0)
Host Application: C:\Windows\System32\WindowsPowerShell\v1.0\powershell.exe
Process ID: 27992
PSVersion: 5.1.26100.7920
PSEdition: Desktop
PSCompatibleVersions: 1.0, 2.0, 3.0, 4.0, 5.0, 5.1.26100.7920
BuildVersion: 10.0.26100.7920
CLRVersion: 4.0.30319.42000
WSManStackVersion: 3.0
PSRemotingProtocolVersion: 2.3
SerializationVersion: 1.1.0.1
**********************
[INFO] Phase 7A Python 3.11 environment setup starting.
[INFO] Log file: C:\Users\benny\OneDrive\Desktop\Project6\setup_logs\phase7a_py311_setup_20260314_010000.log
[INFO] Model directories present.
[INFO] Ghostscript found: C:\Program Files\gs\gs10.06.0\bin\gswin64c.exe
[INFO] Using Python 3.11 executable: C:\Users\benny\AppData\Local\Programs\Python\Python311\python.exe
[INFO] Using existing venv at C:\Users\benny\OneDrive\Desktop\Project6\.venvs\phase7a-py311
[INFO] Set PADDLE_PDX_DISABLE_MODEL_SOURCE_CHECK=True for this session.
[INFO] Upgrading pip/setuptools/wheel in the venv
Requirement already satisfied: pip in C:\Users\benny\OneDrive\Desktop\Project6\.venvs\phase7a-py311\Lib\site-packages (2
6.0.1)
Requirement already satisfied: setuptools in C:\Users\benny\OneDrive\Desktop\Project6\.venvs\phase7a-py311\Lib\site-pack
ages (82.0.1)
Requirement already satisfied: wheel in C:\Users\benny\OneDrive\Desktop\Project6\.venvs\phase7a-py311\Lib\site-packages
(0.46.3)
Requirement already satisfied: packaging>=24.0 in C:\Users\benny\OneDrive\Desktop\Project6\.venvs\phase7a-py311\Lib\site
-packages (from wheel) (26.0)
[INFO] Installing packages into the venv...
e-packages (from scikit-image->paddleocr==2.10.0) (0.5)
[INFO] Running sanity checks inside the venv


=== SUCCESS ===
Python 3.11 venv ready: C:\Users\benny\OneDrive\Desktop\Project6\.venvs\phase7a-py311
Activate with: & 'C:\Users\benny\OneDrive\Desktop\Project6\.venvs\phase7a-py311\Scripts\Activate.ps1'
Current session helper: 
$env:PADDLE_PDX_DISABLE_MODEL_SOURCE_CHECK = 'True'
Log file: C:\Users\benny\OneDrive\Desktop\Project6\setup_logs\phase7a_py311_setup_20260314_010000.log
**********************
Windows PowerShell transcript end
End time: 20260314010004
**********************
